SF:./lib\common\exception.dart
DA:6,3
LF:1
LH:1
end_of_record
SF:./lib\data\datasources\local\movie_local_data_source.dart
DA:18,1
DA:20,1
DA:23,2
DA:26,2
DA:30,1
DA:33,2
DA:36,2
DA:40,1
DA:43,2
DA:45,1
DA:51,1
DA:53,2
DA:54,4
LF:13
LH:13
end_of_record
SF:./lib\data\models\movie_table.dart
DA:13,4
DA:20,2
DA:21,1
DA:22,1
DA:23,1
DA:24,1
DA:28,2
DA:29,1
DA:30,1
DA:31,1
DA:32,1
DA:36,2
DA:37,1
DA:38,1
DA:39,1
DA:40,1
DA:41,1
DA:44,2
DA:45,1
DA:46,1
DA:47,1
DA:48,1
DA:49,1
DA:52,2
DA:53,1
DA:54,1
DA:55,1
DA:56,1
DA:59,2
DA:60,1
DA:61,1
DA:62,1
DA:63,1
DA:66,3
DA:67,18
LF:35
LH:35
end_of_record
SF:./lib\domain\entities\genre.dart
DA:4,23
DA:12,3
DA:13,9
LF:3
LH:3
end_of_record
SF:./lib\domain\entities\movie.dart
DA:4,14
DA:20,1
DA:41,8
DA:42,8
DA:43,8
DA:44,8
DA:45,8
DA:46,8
DA:47,8
DA:48,8
DA:49,8
DA:50,8
DA:51,8
DA:52,8
DA:53,8
DA:54,8
DA:55,8
LF:17
LH:17
end_of_record
SF:./lib\domain\entities\movie_detail.dart
DA:5,6
DA:33,2
DA:34,2
DA:35,2
DA:36,2
DA:37,2
DA:38,2
DA:39,2
DA:40,2
DA:41,2
DA:42,2
DA:43,2
DA:44,2
DA:45,2
LF:14
LH:14
end_of_record
SF:./lib\domain\entities\tv.dart
DA:5,17
DA:47,8
DA:48,8
DA:49,8
DA:50,8
DA:51,8
DA:52,8
DA:57,16
DA:79,16
LF:9
LH:9
end_of_record
SF:./lib\data\datasources\remote\movie_remote_data_source.dart
DA:27,1
DA:29,1
DA:32,3
DA:34,2
DA:35,4
DA:37,1
DA:41,1
DA:44,4
DA:46,2
DA:47,3
DA:49,1
DA:53,1
DA:55,1
DA:56,3
DA:58,2
DA:59,4
DA:61,1
DA:65,1
DA:68,3
DA:70,2
DA:71,4
DA:73,1
DA:77,1
DA:80,3
DA:82,2
DA:83,4
DA:85,1
DA:89,1
DA:91,1
DA:92,3
DA:94,2
DA:95,4
DA:97,1
LF:33
LH:33
end_of_record
SF:./lib\data\datasources\remote\tv_remote_data_source.dart
DA:27,1
DA:29,1
DA:32,3
DA:34,2
DA:35,4
DA:37,1
DA:41,1
DA:43,4
DA:45,2
DA:46,3
DA:48,1
DA:52,1
DA:55,1
DA:56,3
DA:58,2
DA:59,4
DA:61,1
DA:68,1
DA:71,3
DA:73,2
DA:74,4
DA:76,1
DA:80,1
DA:83,3
DA:85,2
DA:86,4
DA:88,1
DA:92,1
DA:94,1
DA:95,3
DA:97,2
DA:98,4
DA:100,1
LF:33
LH:33
end_of_record
SF:./lib\data\models\movie_detail_model.dart
DA:6,2
DA:52,1
DA:53,1
DA:54,1
DA:55,1
DA:56,1
DA:57,1
DA:58,4
DA:59,1
DA:60,1
DA:61,1
DA:62,1
DA:63,1
DA:64,1
DA:65,2
DA:66,1
DA:67,1
DA:68,1
DA:69,1
DA:70,1
DA:71,1
DA:72,1
DA:73,1
DA:74,2
DA:75,1
DA:78,1
DA:79,1
DA:80,1
DA:81,1
DA:82,5
DA:83,1
DA:84,1
DA:85,1
DA:86,1
DA:87,1
DA:88,1
DA:89,1
DA:90,1
DA:91,1
DA:95,1
DA:96,1
DA:97,1
DA:98,1
DA:99,1
DA:100,1
DA:101,1
DA:102,1
DA:103,1
DA:104,1
DA:105,1
DA:106,1
DA:107,1
DA:108,1
DA:109,1
DA:110,1
DA:111,1
DA:112,1
DA:113,1
DA:114,1
DA:115,1
DA:116,1
DA:117,1
LF:62
LH:62
end_of_record
SF:./lib\data\models\movie_model.dart
DA:5,4
DA:35,4
DA:36,2
DA:37,2
DA:38,8
DA:39,2
DA:40,2
DA:41,2
DA:42,4
DA:43,2
DA:44,2
DA:45,2
DA:46,2
DA:47,4
DA:48,2
DA:51,2
DA:52,1
DA:53,1
DA:54,4
DA:55,1
DA:56,1
DA:57,1
DA:58,1
DA:59,1
DA:60,1
DA:61,1
DA:62,1
DA:63,1
DA:64,1
DA:67,2
DA:68,2
DA:69,2
DA:70,2
DA:71,2
DA:72,2
DA:73,2
DA:74,2
DA:75,2
DA:76,2
DA:77,2
DA:78,2
DA:79,2
DA:80,2
DA:81,2
DA:85,2
DA:86,2
DA:87,2
DA:88,2
DA:89,2
DA:90,2
DA:91,2
DA:92,2
DA:93,2
DA:94,2
DA:95,2
DA:96,2
DA:97,2
DA:98,2
DA:99,2
LF:59
LH:59
end_of_record
SF:./lib\data\models\tv_detail_model.dart
DA:33,1
DA:34,1
DA:36,2
DA:38,1
DA:39,7
DA:40,1
DA:41,2
DA:42,2
DA:43,2
DA:44,2
DA:45,2
DA:46,2
DA:47,2
DA:48,2
DA:50,1
DA:51,2
DA:52,2
DA:53,2
DA:54,2
DA:55,2
DA:56,2
DA:57,2
DA:58,2
DA:60,1
DA:61,3
DA:62,1
DA:63,1
DA:64,1
DA:65,1
DA:66,1
DA:68,1
DA:69,1
DA:70,1
DA:71,1
DA:72,1
DA:73,1
DA:74,1
DA:75,1
DA:76,1
DA:77,1
DA:78,1
DA:80,1
DA:83,1
DA:84,1
DA:85,1
DA:86,0
DA:87,1
DA:88,1
DA:89,1
DA:106,1
DA:107,1
DA:123,1
DA:124,1
LF:53
LH:52
end_of_record
SF:./lib\data\models\tv_model.dart
DA:24,2
DA:25,2
DA:27,4
DA:29,2
DA:30,2
DA:31,2
DA:32,2
DA:33,2
DA:34,2
DA:35,2
DA:36,2
DA:37,2
DA:38,2
DA:39,2
DA:40,2
DA:41,2
LF:16
LH:16
end_of_record
SF:./lib\data\models\movie_response.dart
DA:7,2
DA:9,4
DA:10,4
DA:11,6
DA:12,6
DA:15,2
DA:16,5
DA:19,1
DA:20,2
LF:9
LH:9
end_of_record
SF:./lib\data\models\tv_response.dart
DA:16,2
DA:17,2
LF:2
LH:2
end_of_record
SF:./lib\data\models\genre_model.dart
DA:5,5
DA:13,4
DA:14,2
DA:15,2
DA:18,4
DA:20,2
DA:21,6
DA:24,2
DA:25,6
LF:9
LH:9
end_of_record
SF:./lib\data\repositories\movie_repository_impl.dart
DA:17,1
DA:22,1
DA:25,2
DA:26,5
DA:27,1
DA:28,2
DA:29,1
DA:30,2
DA:34,1
DA:37,2
DA:38,2
DA:39,1
DA:40,2
DA:41,1
DA:42,2
DA:46,1
DA:49,2
DA:50,3
DA:51,1
DA:52,2
DA:53,1
DA:54,2
DA:58,1
DA:61,2
DA:62,5
DA:63,1
DA:64,2
DA:65,1
DA:66,2
DA:70,1
DA:73,2
DA:74,5
DA:75,1
DA:76,2
DA:77,1
DA:78,2
DA:82,1
DA:85,2
DA:86,5
DA:87,1
DA:88,2
DA:89,1
DA:90,2
DA:94,1
DA:97,1
DA:98,2
DA:99,1
DA:100,1
DA:101,3
DA:107,1
DA:110,1
DA:111,2
DA:112,1
DA:113,1
DA:114,3
DA:118,1
DA:120,2
DA:124,1
DA:126,2
DA:127,7
DA:128,1
DA:129,1
LF:62
LH:62
end_of_record
SF:./lib\data\repositories\tv_repository_impl.dart
DA:17,1
DA:22,1
DA:25,2
DA:26,5
DA:27,1
DA:28,2
DA:29,1
DA:30,2
DA:34,1
DA:37,2
DA:38,2
DA:39,1
DA:40,2
DA:41,1
DA:42,2
DA:46,1
DA:49,2
DA:50,3
DA:51,1
DA:52,2
DA:53,1
DA:54,2
DA:58,1
DA:61,2
DA:62,5
DA:63,1
DA:64,2
DA:65,1
DA:66,2
DA:70,1
DA:73,2
DA:74,5
DA:75,1
DA:76,2
DA:77,1
DA:78,2
DA:82,1
DA:85,2
DA:86,5
DA:87,1
DA:88,2
DA:89,1
DA:90,2
DA:94,1
DA:98,3
DA:99,1
DA:100,1
DA:101,3
DA:107,1
DA:111,3
DA:112,1
DA:113,1
DA:114,3
DA:118,1
DA:120,2
DA:124,1
DA:126,2
DA:127,7
DA:128,1
DA:129,1
LF:60
LH:60
end_of_record
SF:./lib\domain\usecases\movie\get_movie_detail.dart
DA:9,1
DA:11,1
DA:12,2
LF:3
LH:3
end_of_record
SF:./lib\domain\usecases\movie\get_movie_recommendations.dart
DA:9,1
DA:11,1
DA:12,2
LF:3
LH:3
end_of_record
SF:./lib\domain\usecases\movie\get_now_playing_movies.dart
DA:9,1
DA:11,1
DA:12,2
LF:3
LH:3
end_of_record
SF:./lib\domain\usecases\movie\get_popular_movies.dart
DA:9,1
DA:11,1
DA:12,2
LF:3
LH:3
end_of_record
SF:./lib\domain\usecases\movie\get_top_rated_movies.dart
DA:9,1
DA:11,1
DA:12,2
LF:3
LH:3
end_of_record
SF:./lib\domain\usecases\movie\get_watchlist_movies.dart
DA:9,1
DA:11,1
DA:12,2
LF:3
LH:3
end_of_record
SF:./lib\domain\usecases\movie\get_watchlist_status.dart
DA:6,1
DA:8,1
DA:9,2
LF:3
LH:3
end_of_record
SF:./lib\domain\usecases\movie\remove_watchlist.dart
DA:9,1
DA:11,1
DA:12,2
LF:3
LH:3
end_of_record
SF:./lib\domain\usecases\movie\save_watchlist.dart
DA:9,1
DA:11,1
DA:12,2
LF:3
LH:3
end_of_record
SF:./lib\domain\usecases\movie\search_movies.dart
DA:9,1
DA:11,1
DA:12,2
LF:3
LH:3
end_of_record
SF:./lib\domain\usecases\tv\get_now_playing_tv.dart
DA:9,1
DA:11,1
DA:12,2
LF:3
LH:3
end_of_record
SF:./lib\domain\usecases\tv\get_popular_tv.dart
DA:9,1
DA:11,1
DA:12,2
LF:3
LH:3
end_of_record
SF:./lib\domain\usecases\tv\get_top_rated_tv.dart
DA:9,1
DA:11,1
DA:12,2
LF:3
LH:3
end_of_record
SF:./lib\domain\usecases\tv\get_tv_detail.dart
DA:9,1
DA:11,1
DA:12,2
LF:3
LH:3
end_of_record
SF:./lib\domain\usecases\tv\get_tv_recommendations.dart
DA:9,1
DA:11,1
DA:12,2
LF:3
LH:3
end_of_record
SF:./lib\domain\usecases\tv\get_watchlist_status.dart
DA:6,1
DA:8,1
DA:9,2
LF:3
LH:3
end_of_record
SF:./lib\domain\usecases\tv\get_watchlist_tv.dart
DA:10,1
DA:12,1
DA:13,2
LF:3
LH:3
end_of_record
SF:./lib\domain\usecases\tv\remove_watchlist.dart
DA:9,1
DA:11,1
DA:12,2
LF:3
LH:3
end_of_record
SF:./lib\domain\usecases\tv\save_watchlist.dart
DA:9,1
DA:11,1
DA:12,2
LF:3
LH:3
end_of_record
SF:./lib\domain\usecases\tv\search_tv.dart
DA:9,1
DA:11,1
DA:12,2
LF:3
LH:3
end_of_record
SF:./lib\presentation\bloc\movie\detail\movie_detail_cubit.dart
DA:18,1
DA:29,1
DA:39,1
DA:40,2
DA:41,2
DA:42,2
DA:43,2
DA:44,1
DA:45,4
DA:46,1
DA:47,1
DA:48,1
DA:49,3
DA:51,1
DA:52,1
DA:53,2
DA:64,1
DA:65,2
DA:66,1
DA:67,1
DA:68,3
DA:70,1
DA:71,2
DA:73,1
DA:80,1
DA:81,2
DA:82,1
DA:83,1
DA:84,3
DA:86,1
DA:87,2
DA:89,1
LF:32
LH:32
end_of_record
SF:./lib\presentation\bloc\movie\now_playing\movie_now_playing_cubit.dart
DA:10,1
DA:11,1
DA:15,1
DA:16,2
DA:17,2
DA:18,1
DA:19,4
DA:20,1
DA:21,2
LF:9
LH:9
end_of_record
SF:./lib\presentation\bloc\movie\popular\movie_popular_cubit.dart
DA:10,1
DA:11,2
DA:15,1
DA:16,2
DA:17,2
DA:18,1
DA:19,4
DA:20,1
DA:21,2
LF:9
LH:9
end_of_record
SF:./lib\presentation\bloc\movie\search\movie_search_cubit.dart
DA:10,1
DA:11,1
DA:17,2
DA:19,1
DA:20,2
DA:21,1
DA:22,2
DA:23,1
DA:24,4
DA:25,1
DA:26,2
LF:11
LH:11
end_of_record
SF:./lib\presentation\bloc\movie\top_rated\movie_top_rated_cubit.dart
DA:10,1
DA:11,1
DA:15,1
DA:16,2
DA:17,2
DA:18,1
DA:19,4
DA:20,1
DA:21,2
LF:9
LH:9
end_of_record
SF:./lib\presentation\bloc\movie\watchlist\movie_watchlist_cubit.dart
DA:10,1
DA:11,1
DA:15,1
DA:16,2
DA:17,2
DA:18,1
DA:19,4
DA:20,1
DA:21,2
LF:9
LH:9
end_of_record
SF:./lib\presentation\bloc\tv\detail\tv_detail_cubit.dart
DA:17,1
DA:28,1
DA:38,1
DA:39,2
DA:40,2
DA:41,2
DA:42,2
DA:43,1
DA:44,4
DA:45,1
DA:46,1
DA:47,1
DA:48,3
DA:50,1
DA:51,1
DA:52,2
DA:63,1
DA:64,2
DA:65,1
DA:66,1
DA:67,3
DA:69,1
DA:70,2
DA:72,1
DA:79,1
DA:80,2
DA:81,1
DA:82,1
DA:83,3
DA:85,1
DA:86,2
DA:88,1
LF:32
LH:32
end_of_record
SF:./lib\presentation\bloc\tv\now_playing\tv_now_playing_cubit.dart
DA:10,1
DA:11,1
DA:15,1
DA:16,2
DA:17,2
DA:18,1
DA:19,4
DA:20,1
DA:21,2
LF:9
LH:9
end_of_record
SF:./lib\presentation\bloc\tv\popular\tv_popular_cubit.dart
DA:10,1
DA:11,1
DA:15,1
DA:16,2
DA:17,2
DA:18,1
DA:19,4
DA:20,1
DA:21,2
LF:9
LH:9
end_of_record
SF:./lib\presentation\bloc\tv\search\tv_search_cubit.dart
DA:10,1
DA:11,1
DA:17,2
DA:19,1
DA:20,2
DA:21,1
DA:22,2
DA:23,1
DA:24,4
DA:25,1
DA:26,2
LF:11
LH:11
end_of_record
SF:./lib\presentation\bloc\tv\top_rated\tv_top_rated_cubit.dart
DA:10,1
DA:11,1
DA:15,1
DA:16,2
DA:17,2
DA:18,1
DA:19,4
DA:20,1
DA:21,2
LF:9
LH:9
end_of_record
SF:./lib\presentation\bloc\tv\watchlist\tv_watchlist_cubit.dart
DA:10,1
DA:11,1
DA:15,1
DA:16,2
DA:17,2
DA:18,1
DA:19,4
DA:20,1
DA:21,2
LF:9
LH:9
end_of_record
SF:./lib\presentation\pages\about_page.dart
DA:7,1
DA:9,1
DA:10,1
DA:11,1
DA:12,1
DA:13,1
DA:14,1
DA:15,1
DA:17,1
DA:18,1
DA:25,1
DA:26,1
DA:29,1
DA:31,1
DA:38,1
DA:39,1
DA:40,2
DA:41,1
LF:18
LH:18
end_of_record
SF:./lib\presentation\bloc\movie\detail\movie_detail_state.dart
LF:0
LH:0
end_of_record
SF:./lib\presentation\bloc\movie\now_playing\movie_now_playing_state.dart
LF:0
LH:0
end_of_record
SF:./lib\presentation\bloc\movie\popular\movie_popular_state.dart
LF:0
LH:0
end_of_record
SF:./lib\presentation\bloc\movie\search\movie_search_state.dart
LF:0
LH:0
end_of_record
SF:./lib\presentation\bloc\movie\top_rated\movie_top_rated_state.dart
LF:0
LH:0
end_of_record
SF:./lib\presentation\bloc\movie\watchlist\movie_watchlist_state.dart
LF:0
LH:0
end_of_record
SF:./lib\presentation\bloc\tv\detail\tv_detail_state.dart
LF:0
LH:0
end_of_record
SF:./lib\presentation\bloc\tv\now_playing\tv_now_playing_state.dart
LF:0
LH:0
end_of_record
SF:./lib\presentation\bloc\tv\popular\tv_popular_state.dart
LF:0
LH:0
end_of_record
SF:./lib\presentation\bloc\tv\search\tv_search_state.dart
LF:0
LH:0
end_of_record
SF:./lib\presentation\bloc\tv\top_rated\tv_top_rated_state.dart
LF:0
LH:0
end_of_record
SF:./lib\presentation\bloc\tv\watchlist\tv_watchlist_state.dart
LF:0
LH:0
end_of_record
SF:./lib\presentation\pages\home_movie_page.dart
DA:24,1
DA:27,1
DA:28,1
DA:36,1
DA:37,0
DA:38,3
DA:41,1
DA:42,1
DA:43,1
DA:44,3
DA:45,3
DA:46,3
DA:48,1
DA:49,3
DA:50,3
DA:51,3
DA:56,1
DA:58,1
DA:59,3
DA:62,1
DA:64,2
DA:68,2
DA:70,1
DA:71,1
DA:72,1
DA:73,1
DA:74,1
DA:75,1
DA:76,1
DA:78,1
DA:79,1
DA:81,1
DA:82,1
DA:83,1
DA:84,1
DA:87,0
DA:88,0
DA:89,0
DA:90,0
DA:92,0
DA:95,1
DA:96,1
DA:97,1
DA:98,1
DA:101,0
DA:102,0
DA:103,0
DA:104,0
DA:106,0
DA:109,1
DA:110,0
DA:111,0
DA:113,1
DA:114,1
DA:119,1
DA:120,1
DA:121,3
DA:124,1
DA:125,1
DA:126,0
DA:128,0
DA:129,0
DA:132,0
DA:136,0
DA:139,1
DA:142,1
DA:143,0
DA:144,0
DA:145,0
DA:146,0
DA:148,0
DA:149,0
DA:153,1
DA:157,1
DA:159,1
DA:160,1
DA:162,1
DA:163,1
DA:165,0
DA:166,0
DA:167,0
DA:168,0
DA:171,0
DA:172,0
DA:178,2
DA:179,1
DA:180,1
DA:181,2
DA:182,2
DA:183,1
DA:184,1
DA:185,2
DA:186,1
DA:187,1
DA:188,1
DA:189,1
DA:192,1
DA:193,1
DA:194,2
DA:195,2
DA:196,1
DA:197,1
DA:198,2
DA:199,1
DA:200,1
DA:201,1
DA:202,1
DA:205,1
DA:207,0
DA:208,0
DA:209,0
DA:210,0
DA:213,0
DA:214,0
DA:220,2
DA:221,1
DA:222,1
DA:223,2
DA:224,2
DA:225,1
DA:226,1
DA:227,2
DA:228,1
DA:229,1
DA:230,1
DA:231,1
DA:234,1
DA:235,1
DA:236,2
DA:237,2
DA:238,1
DA:239,1
DA:240,2
DA:241,1
DA:242,1
DA:243,1
DA:244,1
DA:247,1
DA:249,0
DA:250,0
DA:251,0
DA:252,0
DA:255,0
DA:256,0
DA:262,2
DA:263,1
DA:264,1
DA:265,2
DA:266,2
DA:267,1
DA:268,1
DA:269,2
DA:270,1
DA:271,1
DA:272,1
DA:273,1
DA:276,1
DA:277,1
DA:278,2
DA:279,2
DA:280,1
DA:281,1
DA:282,2
DA:283,1
DA:284,1
DA:285,1
DA:286,1
DA:296,1
DA:297,1
DA:299,1
DA:300,1
DA:302,1
DA:304,1
DA:306,1
DA:308,1
DA:309,3
LF:176
LH:134
end_of_record
SF:./lib\common\utils.dart
DA:3,3
LF:1
LH:1
end_of_record
SF:./lib\presentation\pages\movie_list_page.dart
DA:17,1
DA:18,1
DA:20,1
DA:21,1
DA:25,1
DA:26,2
DA:27,1
DA:29,1
DA:31,1
DA:36,1
DA:38,1
DA:39,2
DA:40,2
DA:41,1
DA:42,3
DA:44,1
DA:45,3
DA:47,1
DA:48,3
DA:54,1
DA:55,2
DA:58,1
DA:59,3
DA:62,1
DA:63,1
DA:64,1
DA:65,1
DA:66,1
DA:68,1
DA:72,1
DA:73,1
DA:76,1
DA:77,2
DA:78,1
DA:79,1
DA:80,1
DA:81,2
DA:82,1
DA:83,1
DA:84,1
DA:85,1
DA:86,1
DA:87,1
DA:88,1
DA:92,1
DA:93,1
DA:94,1
DA:95,2
DA:96,1
DA:97,1
DA:98,1
DA:99,1
DA:100,1
DA:101,1
DA:102,1
DA:106,1
DA:107,1
DA:108,1
DA:109,2
DA:110,1
DA:111,1
DA:112,1
DA:113,1
DA:114,1
DA:115,1
DA:116,1
DA:123,1
DA:125,1
DA:126,1
DA:127,1
DA:128,1
DA:129,1
DA:130,1
DA:131,2
DA:135,1
DA:137,1
LF:76
LH:76
end_of_record
SF:./lib\presentation\pages\search_movie_page.dart
DA:11,1
DA:12,1
DA:18,1
DA:20,1
DA:21,1
DA:22,1
DA:24,1
DA:26,1
DA:28,1
DA:29,1
DA:30,1
DA:31,3
DA:32,0
DA:33,0
DA:35,1
DA:37,1
DA:38,1
DA:42,1
DA:43,1
DA:45,1
DA:47,1
DA:48,1
DA:49,1
DA:50,1
DA:51,1
DA:52,1
DA:55,1
DA:56,1
DA:57,1
DA:58,1
DA:61,1
DA:62,1
DA:63,1
DA:65,1
DA:66,1
DA:67,1
DA:69,1
DA:73,1
DA:74,1
LF:39
LH:37
end_of_record
SF:./lib\presentation\pages\search_tv_page.dart
DA:11,1
DA:12,1
DA:18,1
DA:20,1
DA:21,1
DA:22,1
DA:24,1
DA:26,1
DA:28,1
DA:29,1
DA:30,1
DA:31,3
DA:32,0
DA:33,0
DA:35,1
DA:37,1
DA:38,1
DA:42,1
DA:43,1
DA:45,1
DA:47,1
DA:48,1
DA:49,1
DA:50,1
DA:51,1
DA:52,1
DA:55,1
DA:56,1
DA:57,1
DA:58,1
DA:61,1
DA:62,1
DA:63,1
DA:65,1
DA:66,1
DA:67,1
DA:69,1
DA:73,1
DA:74,1
LF:39
LH:37
end_of_record
SF:./lib\presentation\pages\tv_list_page.dart
DA:17,2
DA:19,1
DA:20,1
DA:24,1
DA:25,2
DA:26,1
DA:28,1
DA:30,1
DA:35,1
DA:37,1
DA:38,2
DA:39,2
DA:40,1
DA:41,3
DA:43,1
DA:44,3
DA:46,1
DA:47,3
DA:53,1
DA:55,1
DA:56,2
DA:59,1
DA:60,3
DA:63,1
DA:64,1
DA:65,1
DA:66,1
DA:67,1
DA:69,1
DA:73,1
DA:74,1
DA:77,1
DA:78,2
DA:79,1
DA:80,1
DA:81,1
DA:82,2
DA:83,1
DA:84,1
DA:85,1
DA:86,1
DA:87,1
DA:88,1
DA:89,1
DA:93,1
DA:94,1
DA:95,1
DA:96,2
DA:97,1
DA:98,1
DA:99,1
DA:100,1
DA:101,1
DA:102,1
DA:103,1
DA:107,1
DA:108,1
DA:109,1
DA:110,2
DA:111,1
DA:112,1
DA:113,1
DA:114,1
DA:115,1
DA:116,1
DA:117,1
DA:124,1
DA:125,1
DA:126,1
DA:127,1
DA:128,1
DA:129,1
DA:130,2
DA:134,1
DA:136,1
LF:75
LH:75
end_of_record
SF:./lib\presentation\pages\watchlist_page.dart
DA:19,2
DA:21,1
DA:22,1
DA:26,1
DA:27,2
DA:28,1
DA:29,3
DA:31,1
DA:32,3
DA:37,1
DA:39,1
DA:40,2
DA:41,1
DA:45,1
DA:47,1
DA:48,4
DA:51,0
DA:52,0
DA:55,1
DA:57,1
DA:58,2
DA:61,1
DA:62,1
DA:63,1
DA:64,1
DA:68,1
DA:69,1
DA:70,1
DA:71,2
DA:73,1
DA:77,1
DA:78,1
DA:79,1
DA:80,2
DA:82,1
DA:86,1
DA:87,2
DA:88,1
DA:89,1
DA:90,1
DA:91,1
DA:92,2
DA:93,2
DA:94,2
DA:95,2
DA:97,1
DA:98,1
DA:99,1
DA:100,1
DA:101,2
DA:102,2
DA:103,2
DA:104,2
DA:109,1
DA:110,1
DA:111,1
DA:112,1
DA:113,3
DA:114,1
DA:115,1
DA:116,1
DA:117,1
DA:121,1
DA:123,1
DA:128,1
DA:130,2
DA:131,1
LF:67
LH:65
end_of_record
SF:./lib\presentation\widgets\filler_view.dart
DA:4,8
DA:6,8
DA:8,8
DA:9,8
DA:10,8
LF:5
LH:5
end_of_record
SF:./lib\presentation\widgets\movie_list.dart
DA:10,1
DA:12,1
DA:14,1
DA:16,1
DA:18,1
DA:19,2
DA:20,1
DA:22,1
DA:23,1
DA:24,0
DA:25,0
DA:28,0
DA:31,1
DA:32,2
DA:33,3
DA:38,2
LF:16
LH:13
end_of_record
SF:./lib\presentation\widgets\tv_list.dart
DA:10,1
DA:12,1
DA:14,1
DA:16,1
DA:18,1
DA:19,2
DA:20,1
DA:22,1
DA:23,0
DA:24,0
DA:25,0
DA:27,1
DA:28,2
DA:29,3
DA:34,2
LF:15
LH:12
end_of_record
SF:./lib\presentation\pages\movie_detail_page.dart
DA:17,1
DA:19,1
DA:20,1
DA:24,1
DA:26,1
DA:27,2
DA:28,5
DA:32,1
DA:34,1
DA:35,1
DA:36,1
DA:37,2
DA:38,1
DA:39,1
DA:40,1
DA:41,1
DA:43,1
DA:44,2
DA:45,1
DA:46,1
DA:47,1
DA:65,1
DA:67,1
DA:69,3
DA:71,1
DA:72,1
DA:73,3
DA:75,3
DA:77,2
DA:78,2
DA:80,3
DA:81,1
DA:82,1
DA:85,3
DA:86,1
DA:87,1
DA:93,1
DA:94,1
DA:96,1
DA:97,1
DA:99,1
DA:101,1
DA:102,1
DA:103,1
DA:104,1
DA:105,1
DA:107,1
DA:109,1
DA:110,1
DA:111,1
DA:113,1
DA:114,0
DA:115,0
DA:118,0
DA:121,1
DA:122,1
DA:123,1
DA:125,1
DA:127,2
DA:132,1
DA:137,0
DA:144,1
DA:145,1
DA:146,4
DA:147,1
DA:149,1
DA:150,1
DA:151,1
DA:152,1
DA:154,2
DA:161,1
DA:162,1
DA:163,1
DA:165,1
DA:167,1
DA:169,1
DA:170,1
DA:171,2
DA:172,1
DA:174,1
DA:175,1
DA:176,1
DA:178,1
DA:179,1
DA:181,1
DA:182,1
DA:183,1
DA:187,1
DA:191,1
DA:193,1
DA:194,1
DA:195,1
DA:196,1
DA:201,1
DA:202,3
DA:204,1
DA:205,3
DA:207,1
DA:208,1
DA:209,1
DA:210,3
DA:212,2
DA:218,4
DA:221,1
DA:222,1
DA:224,1
DA:226,1
DA:227,2
DA:229,1
DA:230,1
DA:235,1
DA:237,1
DA:250,1
DA:252,1
DA:255,1
DA:256,1
DA:257,0
DA:258,0
DA:267,1
DA:269,2
DA:270,3
DA:272,4
DA:275,1
DA:276,1
DA:277,1
DA:279,1
DA:280,1
DA:282,0
LF:128
LH:121
end_of_record
SF:./lib\presentation\widgets\movie_card_list.dart
DA:10,3
DA:12,3
DA:14,3
DA:16,3
DA:17,0
DA:18,0
DA:21,0
DA:24,3
DA:26,3
DA:27,3
DA:28,3
DA:29,3
DA:35,3
DA:37,3
DA:38,3
DA:39,6
DA:42,3
DA:44,3
DA:45,3
DA:46,6
DA:54,3
DA:59,3
DA:60,3
DA:61,9
DA:64,6
LF:25
LH:22
end_of_record
SF:./lib\presentation\widgets\tv_card_list.dart
DA:10,3
DA:12,3
DA:14,3
DA:16,3
DA:17,0
DA:18,0
DA:21,0
DA:24,3
DA:26,3
DA:27,3
DA:28,3
DA:29,3
DA:35,3
DA:37,3
DA:38,3
DA:39,6
DA:42,3
DA:44,3
DA:45,3
DA:46,6
DA:54,3
DA:59,3
DA:60,3
DA:61,9
DA:64,6
LF:25
LH:22
end_of_record
SF:./lib\presentation\pages\tv_detail_page.dart
DA:16,1
DA:18,1
DA:19,1
DA:23,1
DA:25,1
DA:26,2
DA:27,5
DA:31,1
DA:33,1
DA:34,1
DA:35,1
DA:36,2
DA:37,1
DA:38,1
DA:39,2
DA:40,1
DA:41,2
DA:42,1
DA:43,1
DA:44,1
DA:62,1
DA:64,1
DA:66,3
DA:68,1
DA:69,1
DA:70,3
DA:72,3
DA:74,2
DA:75,2
DA:77,3
DA:78,1
DA:79,1
DA:82,3
DA:83,1
DA:84,1
DA:90,1
DA:91,1
DA:93,1
DA:94,1
DA:96,1
DA:98,1
DA:99,1
DA:100,1
DA:101,0
DA:102,0
DA:103,0
DA:104,0
DA:105,0
DA:106,1
DA:107,1
DA:109,1
DA:111,1
DA:112,1
DA:113,1
DA:115,1
DA:116,0
DA:117,0
DA:120,0
DA:123,1
DA:124,1
DA:125,1
DA:127,1
DA:128,2
DA:134,1
DA:144,1
DA:145,1
DA:146,1
DA:147,3
DA:149,1
DA:151,1
DA:152,1
DA:153,1
DA:154,1
DA:156,2
DA:163,1
DA:164,1
DA:165,1
DA:167,1
DA:169,1
DA:171,1
DA:172,1
DA:173,2
DA:174,1
DA:176,1
DA:177,1
DA:178,1
DA:180,1
DA:181,1
DA:183,1
DA:184,1
DA:185,1
DA:189,1
DA:193,1
DA:195,1
DA:196,1
DA:197,1
DA:198,1
DA:203,1
DA:204,1
DA:205,3
DA:207,1
DA:208,4
DA:209,4
DA:210,1
DA:211,1
DA:212,1
DA:213,1
DA:214,2
DA:216,2
DA:222,4
DA:225,1
DA:226,1
DA:228,1
DA:230,1
DA:231,2
DA:233,1
DA:234,1
DA:236,1
DA:238,1
DA:239,7
DA:241,1
DA:242,1
DA:243,1
DA:245,1
DA:247,4
DA:250,1
DA:251,1
DA:256,1
DA:258,1
DA:271,1
DA:273,1
DA:276,1
DA:277,1
DA:278,0
DA:279,0
DA:288,1
DA:290,2
DA:291,3
DA:294,1
DA:298,3
LF:140
LH:130
end_of_record
